<?xml version="1.0" encoding="UTF-8"?>
<testsuite xmlns:xsi="http://www.w3.org/2001/XMLSchema-instance" xsi:noNamespaceSchemaLocation="https://maven.apache.org/surefire/maven-surefire-plugin/xsd/surefire-test-report.xsd" name="examples.dataSubject.DataSubjectRunner" time="1.953" tests="5" errors="0" skipped="0" failures="1">
  <properties>
[...]
</properties>
  <testcase name="testUsers[1][1]" classname="examples.dataSubject.DataSubjectRunner" time="0.68">
    <failure message="dataSubject.feature:11 - status code was: 422, expected: 201, response time: 79, url: http://13.78.33.186:8080/v1/datasubject/accounts, response: {&quot;name&quot;:&quot;Object already exist&quot;,&quot;message&quot;:&quot;The object DataSubjectAccount with the identifiers (57) already exist&quot;,&quot;debug_id&quot;:&quot;607a7712-ece9-493e-a1d1-d6ca043a9a4a&quot;}" type="org.opentest4j.AssertionFailedError">org.opentest4j.AssertionFailedError: dataSubject.feature:11 - status code was: 422, expected: 201, response time: 79, url: http://13.78.33.186:8080/v1/datasubject/accounts, response: {"name":"Object already exist","message":"The object DataSubjectAccount with the identifiers (57) already exist","debug_id":"607a7712-ece9-493e-a1d1-d6ca043a9a4a"}
</failure>
    <system-out><![CDATA[11:38:04.903 [main] INFO  com.intuit.karate - karate.env system property was: e2e 
11:38:05.320 [main] DEBUG com.intuit.karate - request:
1 > POST http://13.78.33.186:8080/v1/datasubject/accounts
1 > Accept-Encoding: gzip,deflate
1 > Connection: Keep-Alive
1 > Content-Length: 138
1 > Content-Type: application/json; charset=UTF-8
1 > Host: 13.78.33.186:8080
1 > User-Agent: Apache-HttpClient/4.5.5 (Java/1.8.0_212)
{"account_id":57,"first_name":"mfn","middle_name":"doe","last_name":"jr","email":"aed@xyz.com","phone_number":"12331","password":"abcdef"}

11:38:05.401 [main] DEBUG com.intuit.karate - response time in milliseconds: 79.49
1 < 422
1 < Cache-Control: no-cache, no-store, max-age=0, must-revalidate
1 < Content-Type: application/json;charset=UTF-8
1 < Date: Fri, 26 Jul 2019 02:38:06 GMT
1 < Expires: 0
1 < Pragma: no-cache
1 < Set-Cookie: JSESSIONID=1DBCEE647F57E89BD4943A0A60F3A8D7; Path=/v1; HttpOnly
1 < Transfer-Encoding: chunked
1 < X-Content-Type-Options: nosniff
1 < X-Frame-Options: DENY
1 < X-XSS-Protection: 1; mode=block
{"name":"Object already exist","message":"The object DataSubjectAccount with the identifiers (57) already exist","debug_id":"607a7712-ece9-493e-a1d1-d6ca043a9a4a"}

11:38:05.404 [main] ERROR com.intuit.karate - status code was: 422, expected: 201, response time: 79, url: http://13.78.33.186:8080/v1/datasubject/accounts, response: {"name":"Object already exist","message":"The object DataSubjectAccount with the identifiers (57) already exist","debug_id":"607a7712-ece9-493e-a1d1-d6ca043a9a4a"}
]]></system-out>
  </testcase>
  <testcase name="testUsers[1][2]" classname="examples.dataSubject.DataSubjectRunner" time="0.223"/>
  <testcase name="testUsers[1][3]" classname="examples.dataSubject.DataSubjectRunner" time="0.042"/>
  <testcase name="testUsers[1][4]" classname="examples.dataSubject.DataSubjectRunner" time="0.057"/>
  <testcase name="testUsers[1][5]" classname="examples.dataSubject.DataSubjectRunner" time="0.337"/>
</testsuite>